<?xml version="1.0" encoding="UTF-8"?>
<!-- Generated by org.testng.reporters.JUnitReportReporter -->
<testsuite hostname="DESKTOP-G3FA4PN" failures="0" tests="1" name="com.Actitime.Testscripts.Task_Test" time="21.188" errors="0" timestamp="2023-03-30T12:03:48 IST" skipped="0">
  <testcase classname="com.Actitime.Testscripts.Task_Test" name="createCustomer" time="21.188"/>
  <system-out/>
</testsuite> <!-- com.Actitime.Testscripts.Task_Test -->
